<?xml version="1.0" encoding="UTF-8"?>
<!-- Generated by org.testng.reporters.JUnitReportReporter -->
<testsuite skipped="1" hostname="FAI-BLR04L1349" name="Demo.TestNGIgnoreDemo" tests="3" failures="0" timestamp="01 Apr 2019 12:06:43 GMT" time="0.029" errors="0">
  <testcase name="test3" time="0.004" classname="Demo.TestNGIgnoreDemo"/>
  <testcase name="test2" time="0.025" classname="Demo.TestNGIgnoreDemo"/>
  <testcase name="test1" classname="Demo.TestNGIgnoreDemo">
    <skipped/>
  </testcase> <!-- test1 -->
</testsuite> <!-- Demo.TestNGIgnoreDemo -->
