<?xml version="1.0" encoding="UTF-8"?>
<!-- Generated by org.testng.reporters.JUnitReportReporter -->
<testsuite skipped="0" hostname="FAI-BLR04L1349" name="Demo.TestNGParameterDemo" tests="1" failures="0" timestamp="30 Mar 2019 14:14:03 GMT" time="0.016" errors="0">
  <testcase name="test1" time="0.016" classname="Demo.TestNGParameterDemo"/>
</testsuite> <!-- Demo.TestNGParameterDemo -->
