<?xml version="1.0" encoding="UTF-8"?>
<!-- Generated by org.testng.reporters.JUnitReportReporter -->
<testsuite skipped="0" hostname="FAI-BLR04L1349" name="Demo.TestNGPriorityDemo" tests="3" failures="0" timestamp="25 Mar 2019 06:50:03 GMT" time="0.015" errors="0">
  <testcase name="test3" time="0.012" classname="Demo.TestNGPriorityDemo"/>
  <testcase name="test1" time="0.002" classname="Demo.TestNGPriorityDemo"/>
  <testcase name="test2" time="0.001" classname="Demo.TestNGPriorityDemo"/>
</testsuite> <!-- Demo.TestNGPriorityDemo -->
