<?xml version="1.0" encoding="UTF-8"?>
<!-- Generated by org.testng.reporters.JUnitReportReporter -->
<testsuite skipped="0" hostname="FAI-BLR04L1349" name="Demo.TestNGDemoForDependency" tests="3" failures="0" timestamp="30 Mar 2019 15:47:27 GMT" time="0.032" errors="0">
  <testcase name="test2" time="0.000" classname="Demo.TestNGDemoForDependency"/>
  <testcase name="test1" time="0.000" classname="Demo.TestNGDemoForDependency"/>
  <testcase name="sanity1" time="0.032" classname="Demo.TestNGDemoForDependency"/>
</testsuite> <!-- Demo.TestNGDemoForDependency -->
