<?xml version="1.0" encoding="UTF-8"?>
<!-- Generated by org.testng.reporters.JUnitReportReporter -->
<testsuite skipped="0" hostname="FAI-BLR04L1349" name="utlis.ExcelDataProvider" tests="3" failures="0" timestamp="17 Mar 2019 09:26:12 GMT" time="15.567" errors="0">
  <testcase name="test1" time="7.273" classname="utlis.ExcelDataProvider"/>
  <testcase name="test1" time="4.136" classname="utlis.ExcelDataProvider"/>
  <testcase name="test1" time="4.158" classname="utlis.ExcelDataProvider"/>
</testsuite> <!-- utlis.ExcelDataProvider -->
