<?xml version="1.0" encoding="UTF-8"?>
<!-- Generated by org.testng.reporters.JUnitReportReporter -->
<testsuite skipped="1" hostname="FAI-BLR04L1349" name="listeners.TestNGListenerDemo2" tests="5" failures="0" timestamp="17 Mar 2019 14:51:36 GMT" time="0.011" errors="0">
  <testcase name="test10" time="0.003" classname="listeners.TestNGListenerDemo2">
    <skipped/>
  </testcase> <!-- test10 -->
  <testcase name="test6" time="0.002" classname="listeners.TestNGListenerDemo2"/>
  <testcase name="test8" time="0.002" classname="listeners.TestNGListenerDemo2"/>
  <testcase name="test9" time="0.002" classname="listeners.TestNGListenerDemo2"/>
  <testcase name="test7" time="0.002" classname="listeners.TestNGListenerDemo2"/>
</testsuite> <!-- listeners.TestNGListenerDemo2 -->
